oRB_SLAM2_Android/build/outputs/logs/manifest-merger-debug-report.txt
-- Merging decision tree log ---
manifest
ADDED from src/main/AndroidManifest.xml:2:1-90:12
	xmlns:android
		ADDED from src/main/AndroidManifest.xml:2:11-69
	package
		ADDED from src/main/AndroidManifest.xml:3:5-32
		INJECTED from src/main/AndroidManifest.xml
		INJECTED from src/main/AndroidManifest.xml
	android:versionName
		ADDED from src/main/AndroidManifest.xml:5:5-30
		INJECTED from src/main/AndroidManifest.xml
		INJECTED from src/main/AndroidManifest.xml
	android:versionCode
		ADDED from src/main/AndroidManifest.xml:4:5-28
		INJECTED from src/main/AndroidManifest.xml
		INJECTED from src/main/AndroidManifest.xml
uses-sdk
ADDED from src/main/AndroidManifest.xml:7:5-9:41
MERGED from [SLAM_Android:openCVLibrary249:unspecified] AndroidManifest.xml:7:5-9:40
MERGED from [com.android.support:support-v4:23.3.0] AndroidManifest.xml:20:5-43
MERGED from [com.android.support:support-v13:23.3.0] AndroidManifest.xml:20:5-44
MERGED from [com.android.support:support-v4:23.3.0] AndroidManifest.xml:20:5-43
MERGED from [com.android.support:cardview-v7:23.3.0] AndroidManifest.xml:20:5-43
MERGED from [com.android.support:appcompat-v7:23.0.0] AndroidManifest.xml:20:5-43
MERGED from [com.android.support:support-v4:23.3.0] AndroidManifest.xml:20:5-43
	android:targetSdkVersion
		ADDED from src/main/AndroidManifest.xml:9:9-38
		INJECTED from src/main/AndroidManifest.xml
		INJECTED from src/main/AndroidManifest.xml
	android:minSdkVersion
		ADDED from src/main/AndroidManifest.xml:8:9-35
		INJECTED from src/main/AndroidManifest.xml
		INJECTED from src/main/AndroidManifest.xml
uses-permission#android.permission.WRITE_EXTERNAL_STORAGE
ADDED from src/main/AndroidManifest.xml:11:5-12:23
	android:name
		ADDED from src/main/AndroidManifest.xml:11:22-78
supports-screens
ADDED from src/main/AndroidManifest.xml:14:5-19:39
	android:resizeable
		ADDED from src/main/AndroidManifest.xml:18:9-34
	android:largeScreens
		ADDED from src/main/AndroidManifest.xml:16:9-36
	android:anyDensity
		ADDED from src/main/AndroidManifest.xml:15:9-34
	android:normalScreens
		ADDED from src/main/AndroidManifest.xml:17:9-37
	android:smallScreens
		ADDED from src/main/AndroidManifest.xml:19:9-36
uses-permission#android.permission.CAMERA
ADDED from src/main/AndroidManifest.xml:21:5-65
	android:name
		ADDED from src/main/AndroidManifest.xml:21:22-62
uses-permission#android.permission.ACCESS_FINE_LOCATION
ADDED from src/main/AndroidManifest.xml:22:5-79
	android:name
		ADDED from src/main/AndroidManifest.xml:22:22-76
uses-permission#android.permission.ACCESS_COARSE_LOCATION
ADDED from src/main/AndroidManifest.xml:23:5-81
	android:name
		ADDED from src/main/AndroidManifest.xml:23:22-78
uses-feature#android.hardware.camera
ADDED from src/main/AndroidManifest.xml:25:5-27:36
	android:required
		ADDED from src/main/AndroidManifest.xml:27:9-33
	android:name
		ADDED from src/main/AndroidManifest.xml:26:9-47
uses-feature#android.hardware.camera.autofocus
ADDED from src/main/AndroidManifest.xml:28:5-30:36
	android:required
		ADDED from src/main/AndroidManifest.xml:30:9-33
	android:name
		ADDED from src/main/AndroidManifest.xml:29:9-57
uses-feature#android.hardware.camera.front
ADDED from src/main/AndroidManifest.xml:31:5-33:36
	android:required
		ADDED from src/main/AndroidManifest.xml:33:9-33
	android:name
		ADDED from src/main/AndroidManifest.xml:32:9-53
uses-feature#android.hardware.camera.front.autofocus
ADDED from src/main/AndroidManifest.xml:34:5-36:36
	android:required
		ADDED from src/main/AndroidManifest.xml:36:9-33
	android:name
		ADDED from src/main/AndroidManifest.xml:35:9-63
application
ADDED from src/main/AndroidManifest.xml:38:5-88:19
MERGED from [com.android.support:support-v4:23.3.0] AndroidManifest.xml:22:5-20
MERGED from [com.android.support:support-v13:23.3.0] AndroidManifest.xml:22:5-20
MERGED from [com.android.support:support-v4:23.3.0] AndroidManifest.xml:22:5-20
MERGED from [com.android.support:cardview-v7:23.3.0] AndroidManifest.xml:22:5-20
MERGED from [com.android.support:appcompat-v7:23.0.0] AndroidManifest.xml:22:5-20
MERGED from [com.android.support:support-v4:23.3.0] AndroidManifest.xml:22:5-20
	android:label
		ADDED from src/main/AndroidManifest.xml:41:9-41
	android:allowBackup
		ADDED from src/main/AndroidManifest.xml:39:9-35
	android:icon
		ADDED from src/main/AndroidManifest.xml:40:9-39
	android:theme
		ADDED from src/main/AndroidManifest.xml:42:9-40
activity#orb.slam2.android.MainActivity
ADDED from src/main/AndroidManifest.xml:43:9-52:20
	android:screenOrientation
		ADDED from src/main/AndroidManifest.xml:46:13-50
	android:label
		ADDED from src/main/AndroidManifest.xml:45:13-45
	android:name
		ADDED from src/main/AndroidManifest.xml:44:13-58
intent-filter#android.intent.action.MAIN+android.intent.category.LAUNCHER
ADDED from src/main/AndroidManifest.xml:47:13-51:29
action#android.intent.action.MAIN
ADDED from src/main/AndroidManifest.xml:48:17-69
	android:name
		ADDED from src/main/AndroidManifest.xml:48:25-66
category#android.intent.category.LAUNCHER
ADDED from src/main/AndroidManifest.xml:50:17-77
	android:name
		ADDED from src/main/AndroidManifest.xml:50:27-74
activity#orb.slam2.android.DataSetModeActivity
ADDED from src/main/AndroidManifest.xml:53:9-57:20
	android:screenOrientation
		ADDED from src/main/AndroidManifest.xml:56:13-50
	android:label
		ADDED from src/main/AndroidManifest.xml:55:13-40
	android:name
		ADDED from src/main/AndroidManifest.xml:54:13-65
activity#orb.slam2.android.CameraModeActivity
ADDED from src/main/AndroidManifest.xml:58:9-62:20
	android:screenOrientation
		ADDED from src/main/AndroidManifest.xml:61:13-50
	android:label
		ADDED from src/main/AndroidManifest.xml:60:13-39
	android:name
		ADDED from src/main/AndroidManifest.xml:59:13-64
activity#orb.slam2.android.TestModeActivity
ADDED from src/main/AndroidManifest.xml:63:9-67:20
	android:screenOrientation
		ADDED from src/main/AndroidManifest.xml:66:13-50
	android:label
		ADDED from src/main/AndroidManifest.xml:65:13-37
	android:name
		ADDED from src/main/AndroidManifest.xml:64:13-62
activity#orb.slam2.android.FileChooserActivity
ADDED from src/main/AndroidManifest.xml:68:9-72:20
	android:screenOrientation
		ADDED from src/main/AndroidManifest.xml:71:13-50
	android:label
		ADDED from src/main/AndroidManifest.xml:70:13-44
	android:name
		ADDED from src/main/AndroidManifest.xml:69:13-65
activity#orb.slam2.android.ORBSLAMForDataSetActivity
ADDED from src/main/AndroidManifest.xml:73:9-77:20
	android:screenOrientation
		ADDED from src/main/AndroidManifest.xml:76:13-50
	android:label
		ADDED from src/main/AndroidManifest.xml:75:13-38
	android:name
		ADDED from src/main/AndroidManifest.xml:74:13-71
activity#orb.slam2.android.ORBSLAMForCameraActivity
ADDED from src/main/AndroidManifest.xml:78:9-82:20
	android:screenOrientation
		ADDED from src/main/AndroidManifest.xml:81:13-50
	android:label
		ADDED from src/main/AndroidManifest.xml:80:13-38
	android:name
		ADDED from src/main/AndroidManifest.xml:79:13-70
activity#orb.slam2.android.ORBSLAMForTestActivity
ADDED from src/main/AndroidManifest.xml:83:9-87:20
	android:screenOrientation
		ADDED from src/main/AndroidManifest.xml:86:13-50
	android:label
		ADDED from src/main/AndroidManifest.xml:85:13-38
	android:name
		ADDED from src/main/AndroidManifest.xml:84:13-68